<?xml version="1.0" encoding="UTF-8" ?>
<testsuite tests="6" failures="0" name="uk.co.oldnicksoftware.crudycucumber.TestFeatureRunner" time="0.001" errors="0" skipped="0">
  <properties>
    <property name="java.runtime.name" value="Java(TM) SE Runtime Environment"/>
    <property name="netbeans.run.params.debug" value="-J-Dnetbeans.patches.uk.co.oldnicksoftware.CRUDyCucumber.branding=/home/nick/NetBeansProjects/CRUDyCucumber/branding/target/classes"/>
    <property name="sun.boot.library.path" value="/home/nick/jdk1.8.0_45/jre/lib/amd64"/>
    <property name="java.vm.version" value="25.45-b02"/>
    <property name="java.vm.vendor" value="Oracle Corporation"/>
    <property name="maven.multiModuleProjectDirectory" value="/work/workspace/CRUDyCucumber/application"/>
    <property name="java.vendor.url" value="http://java.oracle.com/"/>
    <property name="path.separator" value=":"/>
    <property name="guice.disable.misplaced.annotation.check" value="true"/>
    <property name="java.vm.name" value="Java HotSpot(TM) 64-Bit Server VM"/>
    <property name="file.encoding.pkg" value="sun.io"/>
    <property name="user.country" value="GB"/>
    <property name="sun.java.launcher" value="SUN_STANDARD"/>
    <property name="sun.os.patch.level" value="unknown"/>
    <property name="test" value="uk.co.oldnicksoftware.crudycucumber.TestFeatureRunner"/>
    <property name="java.vm.specification.name" value="Java Virtual Machine Specification"/>
    <property name="user.dir" value="/work/workspace/CRUDyCucumber/application"/>
    <property name="java.runtime.version" value="1.8.0_45-b14"/>
    <property name="java.awt.graphicsenv" value="sun.awt.X11GraphicsEnvironment"/>
    <property name="java.endorsed.dirs" value="/home/nick/jdk1.8.0_45/jre/lib/endorsed"/>
    <property name="os.arch" value="amd64"/>
    <property name="java.io.tmpdir" value="/tmp"/>
    <property name="line.separator" value="
"/>
    <property name="java.vm.specification.vendor" value="Oracle Corporation"/>
    <property name="os.name" value="Linux"/>
    <property name="maven.ext.class.path" value="/home/nick/netbeans-8.0.2/java/maven-nblib/netbeans-eventspy.jar:/home/nick/netbeans-8.0.2/java/maven-nblib/netbeans-cos.jar"/>
    <property name="classworlds.conf" value="/home/nick/builds/apache-maven-3.3.3/bin/m2.conf"/>
    <property name="sun.jnu.encoding" value="UTF-8"/>
    <property name="java.library.path" value="/home/nick/jdk1.8.0_45/jre/lib/amd64:/home/nick/jdk1.8.0_45/jre/lib/i386::/usr/java/packages/lib/amd64:/usr/lib64:/lib64:/lib:/usr/lib"/>
    <property name="java.specification.name" value="Java Platform API Specification"/>
    <property name="java.class.version" value="52.0"/>
    <property name="sun.management.compiler" value="HotSpot 64-Bit Tiered Compilers"/>
    <property name="os.version" value="3.13.0-67-generic"/>
    <property name="jpda.listen" value="true"/>
    <property name="jpda.address" value="60479"/>
    <property name="user.home" value="/home/nick"/>
    <property name="user.timezone" value="Europe/London"/>
    <property name="java.awt.printerjob" value="sun.print.PSPrinterJob"/>
    <property name="java.specification.version" value="1.8"/>
    <property name="file.encoding" value="UTF-8"/>
    <property name="user.name" value="nick"/>
    <property name="java.class.path" value="/home/nick/builds/apache-maven-3.3.3/boot/plexus-classworlds-2.5.2.jar"/>
    <property name="maven.surefire.debug" value="-Xdebug -Xrunjdwp:transport=dt_socket,server=n,address=60479"/>
    <property name="java.vm.specification.version" value="1.8"/>
    <property name="sun.arch.data.model" value="64"/>
    <property name="java.home" value="/home/nick/jdk1.8.0_45/jre"/>
    <property name="sun.java.command" value="org.codehaus.plexus.classworlds.launcher.Launcher -f /home/nick/NetBeansProjects/CRUDyCucumber/application/pom.xml -Dtest=uk.co.oldnicksoftware.crudycucumber.TestFeatureRunner -DforkMode=once -Dmaven.surefire.debug=-Xdebug -Xrunjdwp:transport=dt_socket,server=n,address=60479 -Djpda.listen=true -Dmaven.ext.class.path=/home/nick/netbeans-8.0.2/java/maven-nblib/netbeans-eventspy.jar:/home/nick/netbeans-8.0.2/java/maven-nblib/netbeans-cos.jar -Djpda.address=60479 -Dnetbeans.run.params.debug=-J-Dnetbeans.patches.uk.co.oldnicksoftware.CRUDyCucumber.branding=/home/nick/NetBeansProjects/CRUDyCucumber/branding/target/classes --offline --offline surefire:test"/>
    <property name="java.specification.vendor" value="Oracle Corporation"/>
    <property name="user.language" value="en"/>
    <property name="awt.toolkit" value="sun.awt.X11.XToolkit"/>
    <property name="java.vm.info" value="mixed mode"/>
    <property name="java.version" value="1.8.0_45"/>
    <property name="java.ext.dirs" value="/home/nick/jdk1.8.0_45/jre/lib/ext:/usr/java/packages/lib/ext"/>
    <property name="securerandom.source" value="file:/dev/./urandom"/>
    <property name="sun.boot.class.path" value="/home/nick/jdk1.8.0_45/jre/lib/resources.jar:/home/nick/jdk1.8.0_45/jre/lib/rt.jar:/home/nick/jdk1.8.0_45/jre/lib/sunrsasign.jar:/home/nick/jdk1.8.0_45/jre/lib/jsse.jar:/home/nick/jdk1.8.0_45/jre/lib/jce.jar:/home/nick/jdk1.8.0_45/jre/lib/charsets.jar:/home/nick/jdk1.8.0_45/jre/lib/jfr.jar:/home/nick/jdk1.8.0_45/jre/classes"/>
    <property name="java.vendor" value="Oracle Corporation"/>
    <property name="maven.home" value="/home/nick/builds/apache-maven-3.3.3"/>
    <property name="file.separator" value="/"/>
    <property name="java.vendor.url.bug" value="http://bugreport.sun.com/bugreport/"/>
    <property name="forkMode" value="once"/>
    <property name="sun.cpu.endian" value="little"/>
    <property name="sun.io.unicode.encoding" value="UnicodeLittle"/>
    <property name="sun.desktop" value="gnome"/>
    <property name="sun.cpu.isalist" value=""/>
  </properties>
  <testcase classname="Given I have a \&quot;Show Manager\&quot; Application   " name="Given I have a \&quot;Show Manager\&quot; Application   " time="0.001"/>
  <testcase classname="When I click the \&quot;Help|About\&quot; menu    " name="When I click the \&quot;Help|About\&quot; menu    " time="0"/>
  <testcase classname="Then the \&quot;About\&quot; Dialog is displayed     " name="Then the \&quot;About\&quot; Dialog is displayed     " time="0"/>
  <testcase classname="When I click the \&quot;About\&quot; close button      " name="When I click the \&quot;About\&quot; close button      " time="0"/>
  <testcase classname="Then the \&quot;About\&quot; Dialog is hidden       " name="Then the \&quot;About\&quot; Dialog is hidden       " time="0"/>
  <testcase classname="Scenario: Show and Hide the About Box  " name="Scenario: Show and Hide the About Box  " time="0"/>
</testsuite>